  ModuleSceneIntro.cpp
D:\PinballPhysics\Physics II - Box2D - Handout 04\ModuleSceneIntro.cpp(222,45): warning C4244: 'argumento': conversión de 'TYPE' a 'TYPE'; posible pérdida de datos
          with
          [
              TYPE=int
          ]
          and
          [
              TYPE=float
          ]
D:\PinballPhysics\Physics II - Box2D - Handout 04\ModuleSceneIntro.cpp(222,30): warning C4244: 'argumento': conversión de 'TYPE' a 'TYPE'; posible pérdida de datos
          with
          [
              TYPE=int
          ]
          and
          [
              TYPE=float
          ]
D:\PinballPhysics\Physics II - Box2D - Handout 04\ModuleSceneIntro.cpp(224,18): warning C4244: 'argumento': conversión de 'int' a 'float'; posible pérdida de datos
D:\PinballPhysics\Physics II - Box2D - Handout 04\ModuleSceneIntro.cpp(226,70): warning C4244: 'argumento': conversión de 'TYPE' a 'int'; posible pérdida de datos
          with
          [
              TYPE=float
          ]
D:\PinballPhysics\Physics II - Box2D - Handout 04\ModuleSceneIntro.cpp(226,47): warning C4244: 'argumento': conversión de 'TYPE' a 'int'; posible pérdida de datos
          with
          [
              TYPE=float
          ]
D:\PinballPhysics\Physics II - Box2D - Handout 04\ModuleSceneIntro.cpp(229,138): warning C4244: 'argumento': conversión de 'TYPE' a 'int'; posible pérdida de datos
          with
          [
              TYPE=float
          ]
D:\PinballPhysics\Physics II - Box2D - Handout 04\ModuleSceneIntro.cpp(229,96): warning C4244: 'argumento': conversión de 'TYPE' a 'int'; posible pérdida de datos
          with
          [
              TYPE=float
          ]
D:\PinballPhysics\Physics II - Box2D - Handout 04\ModuleSceneIntro.cpp(229,57): warning C4244: 'argumento': conversión de 'TYPE' a 'int'; posible pérdida de datos
          with
          [
              TYPE=float
          ]
D:\PinballPhysics\Physics II - Box2D - Handout 04\ModuleSceneIntro.cpp(229,34): warning C4244: 'argumento': conversión de 'TYPE' a 'int'; posible pérdida de datos
          with
          [
              TYPE=float
          ]
D:\PinballPhysics\Physics II - Box2D - Handout 04\ModuleSceneIntro.cpp(238,9): warning C4101: 'y': variable local sin referencia
D:\PinballPhysics\Physics II - Box2D - Handout 04\ModuleSceneIntro.cpp(238,6): warning C4101: 'x': variable local sin referencia
  SDL Game.vcxproj -> D:\PinballPhysics\Physics II - Box2D - Handout 04\Debug\2D Physics - class 4.exe
